Compiled jquery.js  (2ms)  (pid 69842)
Compiled jquery_ujs.js  (0ms)  (pid 69842)
Compiled clearlymodern/general.js  (0ms)  (pid 69842)
Compiled clearlymodern/jquery.cycle.all.min.js  (0ms)  (pid 69842)
Compiled clearlymodern/jquery.fancybox-1.3.4.pack.js  (0ms)  (pid 69842)
Compiled clearlymodern/jquery.tweet.js  (0ms)  (pid 69842)
Compiled clearlymodern/superfish-combined.js  (0ms)  (pid 69842)
Compiled clearlymodern/application.js  (24ms)  (pid 69842)
Compiled pages.js  (90ms)  (pid 69842)
Compiled application.js  (175ms)  (pid 69842)
Compiled clearlymodern/960.css  (0ms)  (pid 69842)
Compiled clearlymodern/ie6.css  (0ms)  (pid 69842)
Compiled clearlymodern/jquery.fancybox-1.3.4.css  (0ms)  (pid 69842)
Compiled clearlymodern/print.css  (0ms)  (pid 69842)
Compiled clearlymodern/screen.css  (0ms)  (pid 69842)
Compiled clearlymodern/themes/candy-stand.css  (0ms)  (pid 69842)
Compiled clearlymodern/themes/default-fiber.css  (0ms)  (pid 69842)
Compiled clearlymodern/themes/default-grid.css  (0ms)  (pid 69842)
Compiled clearlymodern/themes/default-paper.css  (0ms)  (pid 69842)
Compiled clearlymodern/themes/default-reversed.css  (0ms)  (pid 69842)
Compiled clearlymodern/themes/default-stripes.css  (0ms)  (pid 69842)
Compiled clearlymodern/themes/default.css  (0ms)  (pid 69842)
Compiled clearlymodern/themes/earthy.css  (0ms)  (pid 69842)
Compiled clearlymodern/themes/forest-blaze.css  (0ms)  (pid 69842)
Compiled clearlymodern/themes/green-pop.css  (0ms)  (pid 69842)
Compiled clearlymodern/themes/seaside.css  (0ms)  (pid 69842)
Compiled clearlymodern/themes/silver.css  (0ms)  (pid 69842)
Compiled clearlymodern/themes/spicy-mustard.css  (0ms)  (pid 69842)
Compiled clearlymodern/themes/sun-and-sand.css  (0ms)  (pid 69842)
Compiled clearlymodern/themes/the-beach.css  (0ms)  (pid 69842)
Compiled clearlymodern/themes/wild-apple.css  (0ms)  (pid 69842)
Compiled pages.css  (10ms)  (pid 69842)
Compiled postmarkdown/_postmarkdown.css  (0ms)  (pid 69842)
Compiled spinup.css  (0ms)  (pid 69842)
Compiled style.css  (0ms)  (pid 69842)
Compiled application.css  (128ms)  (pid 69842)
Compiled jquery.js  (2ms)  (pid 69842)
Compiled jquery_ujs.js  (0ms)  (pid 69842)
Compiled clearlymodern/general.js  (0ms)  (pid 69842)
Compiled clearlymodern/jquery.cycle.all.min.js  (0ms)  (pid 69842)
Compiled clearlymodern/jquery.fancybox-1.3.4.pack.js  (0ms)  (pid 69842)
Compiled clearlymodern/jquery.tweet.js  (0ms)  (pid 69842)
Compiled clearlymodern/superfish-combined.js  (0ms)  (pid 69842)
Compiled clearlymodern/application.js  (63ms)  (pid 69842)
Compiled pages.js  (68ms)  (pid 69842)
Compiled application.js  (171ms)  (pid 69842)
Compiled clearlymodern/960.css  (0ms)  (pid 69842)
Compiled clearlymodern/ie6.css  (0ms)  (pid 69842)
Compiled clearlymodern/jquery.fancybox-1.3.4.css  (0ms)  (pid 69842)
Compiled clearlymodern/print.css  (0ms)  (pid 69842)
Compiled clearlymodern/screen.css  (0ms)  (pid 69842)
Compiled clearlymodern/themes/candy-stand.css  (0ms)  (pid 69842)
Compiled clearlymodern/themes/default-fiber.css  (0ms)  (pid 69842)
Compiled clearlymodern/themes/default-grid.css  (0ms)  (pid 69842)
Compiled clearlymodern/themes/default-paper.css  (0ms)  (pid 69842)
Compiled clearlymodern/themes/default-reversed.css  (0ms)  (pid 69842)
Compiled clearlymodern/themes/default-stripes.css  (0ms)  (pid 69842)
Compiled clearlymodern/themes/default.css  (0ms)  (pid 69842)
Compiled clearlymodern/themes/earthy.css  (0ms)  (pid 69842)
Compiled clearlymodern/themes/forest-blaze.css  (0ms)  (pid 69842)
Compiled clearlymodern/themes/green-pop.css  (0ms)  (pid 69842)
Compiled clearlymodern/themes/seaside.css  (0ms)  (pid 69842)
Compiled clearlymodern/themes/silver.css  (0ms)  (pid 69842)
Compiled clearlymodern/themes/spicy-mustard.css  (0ms)  (pid 69842)
Compiled clearlymodern/themes/sun-and-sand.css  (0ms)  (pid 69842)
Compiled clearlymodern/themes/the-beach.css  (0ms)  (pid 69842)
Compiled clearlymodern/themes/wild-apple.css  (0ms)  (pid 69842)
Compiled pages.css  (9ms)  (pid 69842)
Compiled postmarkdown/_postmarkdown.css  (0ms)  (pid 69842)
Compiled spinup.css  (0ms)  (pid 69842)
Compiled style.css  (0ms)  (pid 69842)
Compiled application.css  (159ms)  (pid 69842)
Compiled jquery.js  (2ms)  (pid 87417)
Compiled jquery_ujs.js  (0ms)  (pid 87417)
Compiled clearlymodern/general.js  (0ms)  (pid 87417)
Compiled clearlymodern/jquery.cycle.all.min.js  (0ms)  (pid 87417)
Compiled clearlymodern/jquery.fancybox-1.3.4.pack.js  (0ms)  (pid 87417)
Compiled clearlymodern/jquery.tweet.js  (0ms)  (pid 87417)
Compiled clearlymodern/superfish-combined.js  (0ms)  (pid 87417)
Compiled clearlymodern/application.js  (48ms)  (pid 87417)
Compiled pages.js  (73ms)  (pid 87417)
Compiled application.js  (152ms)  (pid 87417)
Compiled clearlymodern/960.css  (0ms)  (pid 87417)
Compiled clearlymodern/ie6.css  (0ms)  (pid 87417)
Compiled clearlymodern/jquery.fancybox-1.3.4.css  (0ms)  (pid 87417)
Compiled clearlymodern/print.css  (0ms)  (pid 87417)
Compiled clearlymodern/screen.css  (0ms)  (pid 87417)
Compiled clearlymodern/themes/candy-stand.css  (0ms)  (pid 87417)
Compiled clearlymodern/themes/default-fiber.css  (0ms)  (pid 87417)
Compiled clearlymodern/themes/default-grid.css  (0ms)  (pid 87417)
Compiled clearlymodern/themes/default-paper.css  (0ms)  (pid 87417)
Compiled clearlymodern/themes/default-reversed.css  (0ms)  (pid 87417)
Compiled clearlymodern/themes/default-stripes.css  (0ms)  (pid 87417)
Compiled clearlymodern/themes/default.css  (0ms)  (pid 87417)
Compiled clearlymodern/themes/earthy.css  (0ms)  (pid 87417)
Compiled clearlymodern/themes/forest-blaze.css  (0ms)  (pid 87417)
Compiled clearlymodern/themes/green-pop.css  (0ms)  (pid 87417)
Compiled clearlymodern/themes/seaside.css  (0ms)  (pid 87417)
Compiled clearlymodern/themes/silver.css  (0ms)  (pid 87417)
Compiled clearlymodern/themes/spicy-mustard.css  (0ms)  (pid 87417)
Compiled clearlymodern/themes/spin-up.css  (0ms)  (pid 87417)
Compiled clearlymodern/themes/sun-and-sand.css  (0ms)  (pid 87417)
Compiled clearlymodern/themes/the-beach.css  (0ms)  (pid 87417)
Compiled clearlymodern/themes/wild-apple.css  (0ms)  (pid 87417)
Compiled pages.css  (9ms)  (pid 87417)
Compiled postmarkdown/_postmarkdown.css  (0ms)  (pid 87417)
Compiled spinup.css  (0ms)  (pid 87417)
Compiled style.css  (0ms)  (pid 87417)
Compiled application.css  (157ms)  (pid 87417)
Compiled jquery.js  (2ms)  (pid 96497)
Compiled jquery_ujs.js  (0ms)  (pid 96497)
Compiled clearlymodern/general.js  (0ms)  (pid 96497)
Compiled clearlymodern/jquery.cycle.all.min.js  (0ms)  (pid 96497)
Compiled clearlymodern/jquery.fancybox-1.3.4.pack.js  (0ms)  (pid 96497)
Compiled clearlymodern/jquery.tweet.js  (0ms)  (pid 96497)
Compiled clearlymodern/superfish-combined.js  (0ms)  (pid 96497)
Compiled clearlymodern/application.js  (27ms)  (pid 96497)
Compiled pages.js  (100ms)  (pid 96497)
Compiled application.js  (186ms)  (pid 96497)
Compiled clearlymodern/960.css  (0ms)  (pid 96497)
Compiled clearlymodern/ie6.css  (0ms)  (pid 96497)
Compiled clearlymodern/jquery.fancybox-1.3.4.css  (0ms)  (pid 96497)
Compiled clearlymodern/print.css  (0ms)  (pid 96497)
Compiled clearlymodern/screen.css  (0ms)  (pid 96497)
Compiled clearlymodern/themes/candy-stand.css  (0ms)  (pid 96497)
Compiled clearlymodern/themes/default-fiber.css  (0ms)  (pid 96497)
Compiled clearlymodern/themes/default-grid.css  (0ms)  (pid 96497)
Compiled clearlymodern/themes/default-paper.css  (0ms)  (pid 96497)
Compiled clearlymodern/themes/default-reversed.css  (0ms)  (pid 96497)
Compiled clearlymodern/themes/default-stripes.css  (0ms)  (pid 96497)
Compiled clearlymodern/themes/default.css  (0ms)  (pid 96497)
Compiled clearlymodern/themes/earthy.css  (0ms)  (pid 96497)
Compiled clearlymodern/themes/forest-blaze.css  (0ms)  (pid 96497)
Compiled clearlymodern/themes/green-pop.css  (0ms)  (pid 96497)
Compiled clearlymodern/themes/seaside.css  (0ms)  (pid 96497)
Compiled clearlymodern/themes/silver.css  (0ms)  (pid 96497)
Compiled clearlymodern/themes/spicy-mustard.css  (0ms)  (pid 96497)
Compiled clearlymodern/themes/spin-up.css  (0ms)  (pid 96497)
Compiled clearlymodern/themes/sun-and-sand.css  (0ms)  (pid 96497)
Compiled clearlymodern/themes/the-beach.css  (0ms)  (pid 96497)
Compiled clearlymodern/themes/wild-apple.css  (0ms)  (pid 96497)
Compiled pages.css  (11ms)  (pid 96497)
Compiled postmarkdown/_postmarkdown.css  (0ms)  (pid 96497)
Compiled spinup.css  (0ms)  (pid 96497)
Compiled style.css  (0ms)  (pid 96497)
Compiled application.css  (141ms)  (pid 96497)
